Base path: C:/Program Files/Unity/Hub/Editor/2018.3.6f1/Editor/Data
Cmd: initializeCompiler
Cmd: compileComputeKernel
  api=4 insize=9814 outsize=3601 ok=1
Cmd: initializeCompiler
Cmd: initializeCompiler
Cmd: initializeCompiler
Cmd: compileComputeKernel
  api=4 insize=14379 outsize=21365 ok=1
Cmd: compileComputeKernel
  api=4 insize=14379 outsize=38769 ok=1
Cmd: compileComputeKernel
  api=4 insize=14379 outsize=31061 ok=1
Cmd: compileComputeKernel
  api=4 insize=14379 outsize=67809 ok=1
Cmd: compileComputeKernel
  api=4 insize=14379 outsize=67249 ok=1
Cmd: compileComputeKernel
  api=4 insize=14379 outsize=36609 ok=1
Cmd: compileComputeKernel
  api=4 insize=14379 outsize=43169 ok=1
Cmd: compileComputeKernel
  api=4 insize=14379 outsize=36205 ok=1
Cmd: compileComputeKernel
  api=4 insize=14379 outsize=32497 ok=1
Cmd: compileComputeKernel
  api=4 insize=26814 outsize=15569 ok=1
Cmd: compileComputeKernel
  api=4 insize=19063 outsize=14377 ok=1
Cmd: compileComputeKernel
  api=4 insize=21751 outsize=21741 ok=1
Cmd: compileComputeKernel
  api=4 insize=34758 outsize=33693 ok=1
Cmd: compileComputeKernel
  api=4 insize=34758 outsize=34501 ok=1
Cmd: compileComputeKernel
  api=4 insize=16360 outsize=7821 ok=1
Cmd: compileComputeKernel
  api=4 insize=16866 outsize=5809 ok=1
Cmd: compileComputeKernel
  api=4 insize=16866 outsize=6313 ok=1
Cmd: compileComputeKernel
  api=4 insize=16866 outsize=8013 ok=1
Cmd: compileComputeKernel
  api=4 insize=16866 outsize=8317 ok=1
Cmd: compileComputeKernel
  api=4 insize=16866 outsize=6877 ok=1
Cmd: compileComputeKernel
  api=4 insize=16866 outsize=8345 ok=1
Cmd: compileComputeKernel
  api=4 insize=16866 outsize=8957 ok=1
Cmd: compileComputeKernel
  api=4 insize=16866 outsize=9261 ok=1

Quitting shader compiler process
