Base path: C:/Program Files/Unity/Hub/Editor/2018.3.6f1/Editor/Data
Cmd: initializeCompiler
Cmd: compileComputeKernel
  api=4 insize=9814 outsize=2481 ok=1
Cmd: initializeCompiler
Cmd: initializeCompiler
Cmd: initializeCompiler
Cmd: compileComputeKernel
  api=4 insize=14379 outsize=32189 ok=1
Cmd: compileComputeKernel
  api=4 insize=14379 outsize=56813 ok=1
Cmd: compileComputeKernel
  api=4 insize=14379 outsize=34977 ok=1
Cmd: compileComputeKernel
  api=4 insize=14379 outsize=31093 ok=1
Cmd: compileComputeKernel
  api=4 insize=14379 outsize=59653 ok=1
Cmd: compileComputeKernel
  api=4 insize=14379 outsize=40345 ok=1
Cmd: compileComputeKernel
  api=4 insize=14379 outsize=45829 ok=1
Cmd: compileComputeKernel
  api=4 insize=14379 outsize=49913 ok=1
Cmd: compileComputeKernel
  api=4 insize=14379 outsize=88821 ok=1
Cmd: compileComputeKernel
  api=4 insize=26814 outsize=15341 ok=1
Cmd: compileComputeKernel
  api=4 insize=26814 outsize=301 ok=1
Cmd: compileComputeKernel
  api=4 insize=6353 outsize=1037 ok=1
Cmd: compileComputeKernel
  api=4 insize=19063 outsize=14613 ok=1
Cmd: compileComputeKernel
  api=4 insize=692 outsize=573 ok=1
Cmd: compileComputeKernel
  api=4 insize=20454 outsize=95037 ok=1
Cmd: compileComputeKernel
  api=4 insize=34758 outsize=31513 ok=1
Cmd: compileComputeKernel
  api=4 insize=34758 outsize=33693 ok=1
Cmd: compileComputeKernel
  api=4 insize=16866 outsize=6121 ok=1
Cmd: compileComputeKernel
  api=4 insize=16866 outsize=6625 ok=1
Cmd: compileComputeKernel
  api=4 insize=16866 outsize=8469 ok=1
Cmd: compileComputeKernel
  api=4 insize=16866 outsize=9301 ok=1
Cmd: compileComputeKernel
  api=4 insize=16866 outsize=6685 ok=1
Cmd: compileComputeKernel
  api=4 insize=16866 outsize=8077 ok=1
Cmd: compileComputeKernel
  api=4 insize=16866 outsize=9941 ok=1
Cmd: compileComputeKernel
  api=4 insize=16866 outsize=10773 ok=1

Quitting shader compiler process
