Base path: C:/Program Files/Unity/Hub/Editor/2018.3.6f1/Editor/Data
Cmd: initializeCompiler
Cmd: compileComputeKernel
  api=4 insize=14379 outsize=40293 ok=1
Cmd: compileComputeKernel
  api=4 insize=14379 outsize=48261 ok=1
Cmd: compileComputeKernel
  api=4 insize=14379 outsize=34977 ok=1
Cmd: compileComputeKernel
  api=4 insize=14379 outsize=41537 ok=1
Cmd: compileComputeKernel
  api=4 insize=14379 outsize=31865 ok=1
Cmd: compileComputeKernel
  api=4 insize=14379 outsize=31041 ok=1
Cmd: compileComputeKernel
  api=4 insize=14379 outsize=33821 ok=1
Cmd: compileComputeKernel
  api=4 insize=14379 outsize=58441 ok=1
Cmd: compileComputeKernel
  api=4 insize=14379 outsize=49913 ok=1
Cmd: compileComputeKernel
  api=4 insize=14379 outsize=88821 ok=1
Cmd: compileComputeKernel
  api=4 insize=26814 outsize=16081 ok=1
Cmd: compileComputeKernel
  api=4 insize=10881 outsize=10593 ok=1
Cmd: compileComputeKernel
  api=4 insize=4845 outsize=4101 ok=1
Cmd: compileComputeKernel
  api=4 insize=18299 outsize=10377 ok=1
Cmd: compileComputeKernel
  api=4 insize=19063 outsize=14377 ok=1
Cmd: compileComputeKernel
  api=4 insize=21751 outsize=21741 ok=1
Cmd: compileComputeKernel
  api=4 insize=34758 outsize=35961 ok=1
Cmd: compileComputeKernel
  api=4 insize=34758 outsize=35961 ok=1
Cmd: compileComputeKernel
  api=4 insize=1454 outsize=597 ok=1
Cmd: compileComputeKernel
  api=4 insize=2044 outsize=1037 ok=1
Cmd: compileComputeKernel
  api=4 insize=16866 outsize=6893 ok=1
Cmd: compileComputeKernel
  api=4 insize=16866 outsize=7029 ok=1
Cmd: compileComputeKernel
  api=4 insize=16866 outsize=6805 ok=1
Cmd: compileComputeKernel
  api=4 insize=16866 outsize=8773 ok=1
Cmd: compileComputeKernel
  api=4 insize=16866 outsize=7957 ok=1
Cmd: compileComputeKernel
  api=4 insize=16866 outsize=8077 ok=1
Cmd: compileComputeKernel
  api=4 insize=16866 outsize=9941 ok=1
Cmd: compileComputeKernel
  api=4 insize=16866 outsize=10245 ok=1
Cmd: compileComputeKernel
  api=4 insize=4907 outsize=1777 ok=1
Cmd: initializeCompiler
Cmd: initializeCompiler
Cmd: initializeCompiler
Cmd: initializeCompiler
Cmd: initializeCompiler
Cmd: initializeCompiler
Cmd: initializeCompiler
Cmd: initializeCompiler
Cmd: initializeCompiler
Cmd: initializeCompiler
Cmd: initializeCompiler
Cmd: initializeCompiler
Cmd: initializeCompiler

Quitting shader compiler process
