Base path: C:/Program Files/Unity/Hub/Editor/2018.3.6f1/Editor/Data
Cmd: initializeCompiler
Cmd: compileComputeKernel
  api=4 insize=14563 outsize=95061 ok=1
Cmd: compileComputeKernel
  api=4 insize=14563 outsize=31041 ok=1
Cmd: compileComputeKernel
  api=4 insize=14563 outsize=33821 ok=1
Cmd: compileComputeKernel
  api=4 insize=14563 outsize=58441 ok=1
Cmd: compileComputeKernel
  api=4 insize=14563 outsize=33293 ok=1
Cmd: compileComputeKernel
  api=4 insize=14563 outsize=36205 ok=1
Cmd: compileComputeKernel
  api=4 insize=14563 outsize=60869 ok=1
Cmd: compileComputeKernel
  api=4 insize=27467 outsize=15341 ok=1
Cmd: compileComputeKernel
  api=4 insize=1372 outsize=613 ok=1
Cmd: compileComputeKernel
  api=4 insize=2863 outsize=48145 ok=1
Cmd: compileComputeKernel
  api=4 insize=6534 outsize=1341 ok=1
Cmd: compileComputeKernel
  api=4 insize=18731 outsize=10469 ok=1
Cmd: compileComputeKernel
  api=4 insize=19561 outsize=15261 ok=1
Cmd: compileComputeKernel
  api=4 insize=22288 outsize=21741 ok=1
Cmd: compileComputeKernel
  api=4 insize=711 outsize=573 ok=1
Cmd: compileComputeKernel
  api=4 insize=20933 outsize=95037 ok=1
Cmd: compileComputeKernel
  api=4 insize=35447 outsize=30721 ok=1
Cmd: compileComputeKernel
  api=4 insize=35447 outsize=31513 ok=1
Cmd: compileComputeKernel
  api=4 insize=8512 outsize=2945 ok=1
Cmd: compileComputeKernel
  api=4 insize=16724 outsize=7029 ok=1
Cmd: compileComputeKernel
  api=4 insize=2120 outsize=1033 ok=1
Cmd: compileComputeKernel
  api=4 insize=17177 outsize=5425 ok=1
Cmd: compileComputeKernel
  api=4 insize=17177 outsize=5929 ok=1
Cmd: compileComputeKernel
  api=4 insize=17177 outsize=7029 ok=1
Cmd: compileComputeKernel
  api=4 insize=17177 outsize=6805 ok=1
Cmd: compileComputeKernel
  api=4 insize=17177 outsize=8773 ok=1
Cmd: compileComputeKernel
  api=4 insize=17177 outsize=8269 ok=1
Cmd: compileComputeKernel
  api=4 insize=17177 outsize=7973 ok=1
Cmd: compileComputeKernel
  api=4 insize=17177 outsize=10469 ok=1
Cmd: compileComputeKernel
  api=4 insize=17177 outsize=11449 ok=1
Cmd: initializeCompiler
Cmd: initializeCompiler
Cmd: initializeCompiler
Cmd: initializeCompiler
Cmd: initializeCompiler
Cmd: initializeCompiler
Cmd: initializeCompiler
Cmd: initializeCompiler
Cmd: initializeCompiler
Cmd: initializeCompiler
Cmd: initializeCompiler
Cmd: initializeCompiler
Cmd: initializeCompiler
Cmd: initializeCompiler
Cmd: initializeCompiler
Cmd: initializeCompiler
Cmd: initializeCompiler
Cmd: initializeCompiler
Cmd: initializeCompiler
Cmd: initializeCompiler
Cmd: initializeCompiler
Cmd: initializeCompiler
Cmd: initializeCompiler
Cmd: initializeCompiler
Cmd: initializeCompiler
Cmd: initializeCompiler
Cmd: initializeCompiler
Cmd: initializeCompiler
Cmd: initializeCompiler
Cmd: initializeCompiler
Cmd: initializeCompiler
Cmd: initializeCompiler
Cmd: initializeCompiler
Cmd: initializeCompiler
Cmd: initializeCompiler
Cmd: initializeCompiler
Cmd: initializeCompiler
Cmd: initializeCompiler
Cmd: initializeCompiler
Cmd: initializeCompiler
Cmd: initializeCompiler
Cmd: initializeCompiler
Cmd: initializeCompiler
Cmd: initializeCompiler
Cmd: initializeCompiler
Cmd: initializeCompiler
Cmd: initializeCompiler
Cmd: initializeCompiler
Cmd: initializeCompiler
Cmd: initializeCompiler
Cmd: initializeCompiler
Cmd: initializeCompiler
Cmd: initializeCompiler
Cmd: initializeCompiler
Cmd: initializeCompiler
Cmd: initializeCompiler
Cmd: initializeCompiler
Cmd: initializeCompiler
Cmd: initializeCompiler
Cmd: initializeCompiler
Cmd: initializeCompiler
Cmd: initializeCompiler
Cmd: initializeCompiler
Cmd: initializeCompiler
Cmd: initializeCompiler
Cmd: initializeCompiler
Cmd: initializeCompiler

Quitting shader compiler process
