Base path: C:/Program Files/Unity/Hub/Editor/2018.3.6f1/Editor/Data
Cmd: initializeCompiler
Cmd: compileComputeKernel
  api=4 insize=14563 outsize=21365 ok=1
Cmd: compileComputeKernel
  api=4 insize=14563 outsize=38769 ok=1
Cmd: compileComputeKernel
  api=4 insize=14563 outsize=31061 ok=1
Cmd: compileComputeKernel
  api=4 insize=14563 outsize=67809 ok=1
Cmd: compileComputeKernel
  api=4 insize=14563 outsize=31041 ok=1
Cmd: compileComputeKernel
  api=4 insize=14563 outsize=21377 ok=1
Cmd: compileComputeKernel
  api=4 insize=14563 outsize=41761 ok=1
Cmd: compileComputeKernel
  api=4 insize=14563 outsize=45829 ok=1
Cmd: compileComputeKernel
  api=4 insize=14563 outsize=33293 ok=1
Cmd: compileComputeKernel
  api=4 insize=14563 outsize=36205 ok=1
Cmd: compileComputeKernel
  api=4 insize=14563 outsize=32497 ok=1
Cmd: compileComputeKernel
  api=4 insize=27467 outsize=15569 ok=1
Cmd: compileComputeKernel
  api=4 insize=6534 outsize=1037 ok=1
Cmd: compileComputeKernel
  api=4 insize=18731 outsize=8781 ok=1
Cmd: compileComputeKernel
  api=4 insize=19561 outsize=14377 ok=1
Cmd: compileComputeKernel
  api=4 insize=22288 outsize=21741 ok=1
Cmd: compileComputeKernel
  api=4 insize=35447 outsize=31513 ok=1
Cmd: compileComputeKernel
  api=4 insize=35447 outsize=31513 ok=1
Cmd: compileComputeKernel
  api=4 insize=16724 outsize=7029 ok=1
Cmd: compileComputeKernel
  api=4 insize=14244 outsize=2265 ok=1
Cmd: compileComputeKernel
  api=4 insize=17177 outsize=5809 ok=1
Cmd: compileComputeKernel
  api=4 insize=17177 outsize=6313 ok=1
Cmd: compileComputeKernel
  api=4 insize=17177 outsize=8013 ok=1
Cmd: compileComputeKernel
  api=4 insize=17177 outsize=8317 ok=1
Cmd: compileComputeKernel
  api=4 insize=17177 outsize=6877 ok=1
Cmd: compileComputeKernel
  api=4 insize=17177 outsize=8345 ok=1
Cmd: compileComputeKernel
  api=4 insize=17177 outsize=8957 ok=1
Cmd: compileComputeKernel
  api=4 insize=17177 outsize=9261 ok=1
Cmd: compileComputeKernel
  api=4 insize=3223 outsize=4233 ok=1
Cmd: compileComputeKernel
  api=4 insize=4007 outsize=1625 ok=1

Quitting shader compiler process
