Base path: C:/Program Files/Unity/Hub/Editor/2018.3.6f1/Editor/Data
Cmd: initializeCompiler
Cmd: compileComputeKernel
  api=4 insize=14563 outsize=28705 ok=1
Cmd: compileComputeKernel
  api=4 insize=14563 outsize=56813 ok=1
Cmd: compileComputeKernel
  api=4 insize=14563 outsize=31093 ok=1
Cmd: compileComputeKernel
  api=4 insize=14563 outsize=59653 ok=1
Cmd: compileComputeKernel
  api=4 insize=14563 outsize=40345 ok=1
Cmd: compileComputeKernel
  api=4 insize=14563 outsize=32589 ok=1
Cmd: compileComputeKernel
  api=4 insize=14563 outsize=44213 ok=1
Cmd: compileComputeKernel
  api=4 insize=14563 outsize=44137 ok=1
Cmd: compileComputeKernel
  api=4 insize=27467 outsize=15773 ok=1
Cmd: compileComputeKernel
  api=4 insize=2863 outsize=48145 ok=1
Cmd: compileComputeKernel
  api=4 insize=7616 outsize=4897 ok=1
Cmd: compileComputeKernel
  api=4 insize=5022 outsize=5397 ok=1
Cmd: compileComputeKernel
  api=4 insize=1792 outsize=1861 ok=1
Cmd: compileComputeKernel
  api=4 insize=18731 outsize=8925 ok=1
Cmd: compileComputeKernel
  api=4 insize=18731 outsize=10549 ok=1
Cmd: compileComputeKernel
  api=4 insize=19561 outsize=14889 ok=1
Cmd: compileComputeKernel
  api=4 insize=1864 outsize=553 ok=1
Cmd: compileComputeKernel
  api=4 insize=35447 outsize=35261 ok=1
Cmd: compileComputeKernel
  api=4 insize=35447 outsize=35261 ok=1
Cmd: compileComputeKernel
  api=4 insize=14244 outsize=6181 ok=1
Cmd: compileComputeKernel
  api=4 insize=3590 outsize=1685 ok=1
Cmd: compileComputeKernel
  api=4 insize=17177 outsize=5425 ok=1
Cmd: compileComputeKernel
  api=4 insize=17177 outsize=5929 ok=1
Cmd: compileComputeKernel
  api=4 insize=17177 outsize=7485 ok=1
Cmd: compileComputeKernel
  api=4 insize=17177 outsize=7789 ok=1
Cmd: compileComputeKernel
  api=4 insize=17177 outsize=6181 ok=1
Cmd: compileComputeKernel
  api=4 insize=17177 outsize=7573 ok=1
Cmd: compileComputeKernel
  api=4 insize=17177 outsize=7381 ok=1
Cmd: compileComputeKernel
  api=4 insize=17177 outsize=8501 ok=1
Cmd: compileComputeKernel
  api=4 insize=17177 outsize=8805 ok=1
Cmd: compileComputeKernel
  api=4 insize=17177 outsize=11229 ok=1

Quitting shader compiler process
