Base path: C:/Program Files/Unity/Hub/Editor/2018.3.6f1/Editor/Data
Cmd: initializeCompiler
Cmd: compileComputeKernel
  api=4 insize=14563 outsize=96833 ok=1
Cmd: compileComputeKernel
  api=4 insize=14563 outsize=41173 ok=1
Cmd: compileComputeKernel
  api=4 insize=14563 outsize=58441 ok=1
Cmd: compileComputeKernel
  api=4 insize=14563 outsize=49913 ok=1
Cmd: compileComputeKernel
  api=4 insize=14563 outsize=60869 ok=1
Cmd: compileComputeKernel
  api=4 insize=27467 outsize=15341 ok=1
Cmd: compileComputeKernel
  api=4 insize=1226 outsize=781 ok=1
Cmd: compileComputeKernel
  api=4 insize=11176 outsize=10437 ok=1
Cmd: compileComputeKernel
  api=4 insize=5022 outsize=9129 ok=1
Cmd: compileComputeKernel
  api=4 insize=3532 outsize=2681 ok=1
Cmd: compileComputeKernel
  api=4 insize=18731 outsize=10469 ok=1
Cmd: compileComputeKernel
  api=4 insize=19561 outsize=15261 ok=1
Cmd: compileComputeKernel
  api=4 insize=1864 outsize=1389 ok=1
Cmd: compileComputeKernel
  api=4 insize=711 outsize=573 ok=1
Cmd: compileComputeKernel
  api=4 insize=20933 outsize=95033 ok=1
Cmd: compileComputeKernel
  api=4 insize=35447 outsize=32065 ok=1
Cmd: compileComputeKernel
  api=4 insize=35447 outsize=33693 ok=1
Cmd: compileComputeKernel
  api=4 insize=2120 outsize=1037 ok=1
Cmd: compileComputeKernel
  api=4 insize=17177 outsize=6121 ok=1
Cmd: compileComputeKernel
  api=4 insize=17177 outsize=6625 ok=1
Cmd: compileComputeKernel
  api=4 insize=17177 outsize=8469 ok=1
Cmd: compileComputeKernel
  api=4 insize=17177 outsize=9301 ok=1
Cmd: compileComputeKernel
  api=4 insize=17177 outsize=6685 ok=1
Cmd: compileComputeKernel
  api=4 insize=17177 outsize=8461 ok=1
Cmd: compileComputeKernel
  api=4 insize=17177 outsize=10925 ok=1

Quitting shader compiler process
