Base path: C:/Program Files/Unity/Hub/Editor/2018.3.6f1/Editor/Data
Cmd: initializeCompiler
Cmd: compileComputeKernel
  api=4 insize=14563 outsize=85333 ok=1
Cmd: compileComputeKernel
  api=4 insize=14563 outsize=48469 ok=1
Cmd: compileComputeKernel
  api=4 insize=14563 outsize=33821 ok=1
Cmd: compileComputeKernel
  api=4 insize=14563 outsize=39221 ok=1
Cmd: compileComputeKernel
  api=4 insize=14563 outsize=69501 ok=1
Cmd: compileComputeKernel
  api=4 insize=14563 outsize=88821 ok=1
Cmd: compileComputeKernel
  api=4 insize=27467 outsize=16081 ok=1
Cmd: compileComputeKernel
  api=4 insize=2134 outsize=349 ok=1
Cmd: compileComputeKernel
  api=4 insize=11176 outsize=9849 ok=1
Cmd: compileComputeKernel
  api=4 insize=18731 outsize=10377 ok=1
Cmd: compileComputeKernel
  api=4 insize=19561 outsize=14753 ok=1
Cmd: compileComputeKernel
  api=4 insize=20933 outsize=27309 ok=1
Cmd: compileComputeKernel
  api=4 insize=35447 outsize=34501 ok=1
Cmd: compileComputeKernel
  api=4 insize=35447 outsize=32769 ok=1
Cmd: compileComputeKernel
  api=4 insize=8512 outsize=2077 ok=1
Cmd: compileComputeKernel
  api=4 insize=16724 outsize=7821 ok=1
Cmd: compileComputeKernel
  api=4 insize=1505 outsize=597 ok=1
Cmd: compileComputeKernel
  api=4 insize=17177 outsize=6817 ok=1
Cmd: compileComputeKernel
  api=4 insize=17177 outsize=7397 ok=1
Cmd: compileComputeKernel
  api=4 insize=17177 outsize=7333 ok=1
Cmd: compileComputeKernel
  api=4 insize=17177 outsize=9757 ok=1
Cmd: compileComputeKernel
  api=4 insize=17177 outsize=7765 ok=1
Cmd: compileComputeKernel
  api=4 insize=17177 outsize=9485 ok=1
Cmd: compileComputeKernel
  api=4 insize=17177 outsize=9789 ok=1
Cmd: compileComputeKernel
  api=4 insize=3223 outsize=4301 ok=1
Cmd: compileComputeKernel
  api=4 insize=3630 outsize=1541 ok=1

Quitting shader compiler process
