Base path: C:/Program Files/Unity/Hub/Editor/2018.3.6f1/Editor/Data
Cmd: initializeCompiler
Cmd: compileComputeKernel
  api=4 insize=14563 outsize=40293 ok=1
Cmd: compileComputeKernel
  api=4 insize=14563 outsize=48261 ok=1
Cmd: compileComputeKernel
  api=4 insize=14563 outsize=34977 ok=1
Cmd: compileComputeKernel
  api=4 insize=14563 outsize=41537 ok=1
Cmd: compileComputeKernel
  api=4 insize=14563 outsize=42581 ok=1
Cmd: compileComputeKernel
  api=4 insize=14563 outsize=59293 ok=1
Cmd: compileComputeKernel
  api=4 insize=14563 outsize=32569 ok=1
Cmd: compileComputeKernel
  api=4 insize=14563 outsize=36081 ok=1
Cmd: compileComputeKernel
  api=4 insize=14563 outsize=68793 ok=1
Cmd: compileComputeKernel
  api=4 insize=27467 outsize=15857 ok=1
Cmd: compileComputeKernel
  api=4 insize=7616 outsize=5065 ok=1
Cmd: compileComputeKernel
  api=4 insize=6534 outsize=1341 ok=1
Cmd: compileComputeKernel
  api=4 insize=18731 outsize=8693 ok=1
Cmd: compileComputeKernel
  api=4 insize=19561 outsize=14105 ok=1
Cmd: compileComputeKernel
  api=4 insize=22288 outsize=21785 ok=1
Cmd: compileComputeKernel
  api=4 insize=2953 outsize=353 ok=1
Cmd: compileComputeKernel
  api=4 insize=35447 outsize=32769 ok=1
Cmd: compileComputeKernel
  api=4 insize=35447 outsize=32065 ok=1
Cmd: compileComputeKernel
  api=4 insize=17177 outsize=5113 ok=1
Cmd: compileComputeKernel
  api=4 insize=17177 outsize=5617 ok=1
Cmd: compileComputeKernel
  api=4 insize=17177 outsize=6501 ok=1
Cmd: compileComputeKernel
  api=4 insize=17177 outsize=8997 ok=1
Cmd: compileComputeKernel
  api=4 insize=17177 outsize=9977 ok=1
Cmd: compileComputeKernel
  api=4 insize=17177 outsize=8773 ok=1
Cmd: compileComputeKernel
  api=4 insize=17177 outsize=11145 ok=1

Quitting shader compiler process
