Base path: C:/Program Files/Unity/Hub/Editor/2018.3.6f1/Editor/Data
Cmd: initializeCompiler
Cmd: compileComputeKernel
  api=4 insize=14563 outsize=21365 ok=1
Cmd: compileComputeKernel
  api=4 insize=14563 outsize=38769 ok=1
Cmd: compileComputeKernel
  api=4 insize=14563 outsize=31061 ok=1
Cmd: compileComputeKernel
  api=4 insize=14563 outsize=67809 ok=1
Cmd: compileComputeKernel
  api=4 insize=14563 outsize=34593 ok=1
Cmd: compileComputeKernel
  api=4 insize=14563 outsize=87077 ok=1
Cmd: compileComputeKernel
  api=4 insize=14563 outsize=32497 ok=1
Cmd: compileComputeKernel
  api=4 insize=27467 outsize=16081 ok=1
Cmd: compileComputeKernel
  api=4 insize=1372 outsize=669 ok=1
Cmd: compileComputeKernel
  api=4 insize=2863 outsize=47805 ok=1
Cmd: compileComputeKernel
  api=4 insize=11176 outsize=10593 ok=1
Cmd: compileComputeKernel
  api=4 insize=18731 outsize=8545 ok=1
Cmd: compileComputeKernel
  api=4 insize=18731 outsize=10769 ok=1
Cmd: compileComputeKernel
  api=4 insize=19561 outsize=14377 ok=1
Cmd: compileComputeKernel
  api=4 insize=5591 outsize=6445 ok=1
Cmd: compileComputeKernel
  api=4 insize=3967 outsize=2157 ok=1
Cmd: compileComputeKernel
  api=4 insize=20933 outsize=95033 ok=1
Cmd: compileComputeKernel
  api=4 insize=35447 outsize=32065 ok=1
Cmd: compileComputeKernel
  api=4 insize=35447 outsize=33693 ok=1
Cmd: compileComputeKernel
  api=4 insize=10127 outsize=4261 ok=1
Cmd: compileComputeKernel
  api=4 insize=17177 outsize=5113 ok=1
Cmd: compileComputeKernel
  api=4 insize=17177 outsize=5617 ok=1
Cmd: compileComputeKernel
  api=4 insize=17177 outsize=6501 ok=1
Cmd: compileComputeKernel
  api=4 insize=17177 outsize=8997 ok=1
Cmd: compileComputeKernel
  api=4 insize=17177 outsize=6181 ok=1
Cmd: compileComputeKernel
  api=4 insize=17177 outsize=6877 ok=1
Cmd: compileComputeKernel
  api=4 insize=17177 outsize=8345 ok=1
Cmd: compileComputeKernel
  api=4 insize=17177 outsize=8957 ok=1
Cmd: compileComputeKernel
  api=4 insize=17177 outsize=9261 ok=1
Cmd: compileComputeKernel
  api=4 insize=3223 outsize=4233 ok=1
Cmd: compileComputeKernel
  api=4 insize=4007 outsize=1625 ok=1
Cmd: initializeCompiler
Cmd: initializeCompiler
Cmd: initializeCompiler
Cmd: initializeCompiler
Cmd: initializeCompiler
Cmd: initializeCompiler
Cmd: initializeCompiler
Cmd: initializeCompiler
Cmd: initializeCompiler
Cmd: initializeCompiler
Cmd: initializeCompiler
Cmd: initializeCompiler
Cmd: initializeCompiler
Cmd: initializeCompiler
Cmd: initializeCompiler
Cmd: initializeCompiler
Cmd: initializeCompiler
Cmd: initializeCompiler
Cmd: initializeCompiler
Cmd: initializeCompiler
Cmd: initializeCompiler
Cmd: initializeCompiler
Cmd: initializeCompiler
Cmd: initializeCompiler
Cmd: initializeCompiler
Cmd: initializeCompiler
Cmd: initializeCompiler
Cmd: initializeCompiler
Cmd: initializeCompiler
Cmd: initializeCompiler
Cmd: initializeCompiler
Cmd: initializeCompiler
Cmd: initializeCompiler
Cmd: initializeCompiler
Cmd: initializeCompiler
Cmd: initializeCompiler
Cmd: initializeCompiler
Cmd: initializeCompiler
Cmd: initializeCompiler
Cmd: initializeCompiler
Cmd: initializeCompiler
Cmd: initializeCompiler
Cmd: initializeCompiler
Cmd: initializeCompiler
Cmd: initializeCompiler
Cmd: initializeCompiler
Cmd: initializeCompiler
Cmd: initializeCompiler
Cmd: initializeCompiler
Cmd: initializeCompiler
Cmd: initializeCompiler
Cmd: initializeCompiler
Cmd: initializeCompiler
Cmd: initializeCompiler
Cmd: initializeCompiler
Cmd: initializeCompiler
Cmd: initializeCompiler
Cmd: initializeCompiler
Cmd: initializeCompiler
Cmd: initializeCompiler
Cmd: initializeCompiler
Cmd: initializeCompiler
Cmd: initializeCompiler
Cmd: initializeCompiler
Cmd: initializeCompiler
Cmd: initializeCompiler
Cmd: initializeCompiler

Quitting shader compiler process
