Base path: C:/Program Files/Unity/Hub/Editor/2018.3.6f1/Editor/Data
Cmd: initializeCompiler
Cmd: compileComputeKernel
  api=4 insize=14563 outsize=32189 ok=1
Cmd: compileComputeKernel
  api=4 insize=14563 outsize=37513 ok=1
Cmd: compileComputeKernel
  api=4 insize=14563 outsize=44121 ok=1
Cmd: compileComputeKernel
  api=4 insize=14563 outsize=31093 ok=1
Cmd: compileComputeKernel
  api=4 insize=14563 outsize=59653 ok=1
Cmd: compileComputeKernel
  api=4 insize=14563 outsize=41761 ok=1
Cmd: compileComputeKernel
  api=4 insize=14563 outsize=32589 ok=1
Cmd: compileComputeKernel
  api=4 insize=14563 outsize=32569 ok=1
Cmd: compileComputeKernel
  api=4 insize=14563 outsize=49913 ok=1
Cmd: compileComputeKernel
  api=4 insize=14563 outsize=88821 ok=1
Cmd: compileComputeKernel
  api=4 insize=27467 outsize=15773 ok=1
Cmd: compileComputeKernel
  api=4 insize=11176 outsize=10437 ok=1
Cmd: compileComputeKernel
  api=4 insize=18731 outsize=8925 ok=1
Cmd: compileComputeKernel
  api=4 insize=19561 outsize=14753 ok=1
Cmd: compileComputeKernel
  api=4 insize=20933 outsize=27309 ok=1
Cmd: compileComputeKernel
  api=4 insize=35447 outsize=33693 ok=1
Cmd: compileComputeKernel
  api=4 insize=35447 outsize=34501 ok=1
Cmd: compileComputeKernel
  api=4 insize=8512 outsize=2077 ok=1
Cmd: compileComputeKernel
  api=4 insize=10127 outsize=3673 ok=1
Cmd: compileComputeKernel
  api=4 insize=17177 outsize=6121 ok=1
Cmd: compileComputeKernel
  api=4 insize=17177 outsize=6313 ok=1
Cmd: compileComputeKernel
  api=4 insize=17177 outsize=8013 ok=1
Cmd: compileComputeKernel
  api=4 insize=17177 outsize=8317 ok=1
Cmd: compileComputeKernel
  api=4 insize=17177 outsize=7261 ok=1
Cmd: compileComputeKernel
  api=4 insize=17177 outsize=7069 ok=1
Cmd: compileComputeKernel
  api=4 insize=17177 outsize=8773 ok=1
Cmd: compileComputeKernel
  api=4 insize=17177 outsize=11145 ok=1
Cmd: compileComputeKernel
  api=4 insize=1623 outsize=1457 ok=1
Cmd: initializeCompiler
Cmd: initializeCompiler
Cmd: initializeCompiler
Cmd: initializeCompiler
Cmd: initializeCompiler
Cmd: initializeCompiler
Cmd: initializeCompiler
Cmd: initializeCompiler
Cmd: initializeCompiler
Cmd: initializeCompiler
Cmd: initializeCompiler
Cmd: initializeCompiler
Cmd: initializeCompiler
Cmd: initializeCompiler
Cmd: initializeCompiler
Cmd: initializeCompiler
Cmd: initializeCompiler
Cmd: initializeCompiler
Cmd: initializeCompiler
Cmd: initializeCompiler
Cmd: initializeCompiler
Cmd: initializeCompiler
Cmd: initializeCompiler
Cmd: initializeCompiler
Cmd: initializeCompiler
Cmd: initializeCompiler
Cmd: initializeCompiler
Cmd: initializeCompiler
Cmd: initializeCompiler
Cmd: initializeCompiler
Cmd: initializeCompiler
Cmd: initializeCompiler
Cmd: initializeCompiler
Cmd: initializeCompiler
Cmd: initializeCompiler
Cmd: initializeCompiler
Cmd: initializeCompiler
Cmd: initializeCompiler
Cmd: initializeCompiler
Cmd: initializeCompiler
Cmd: initializeCompiler
Cmd: initializeCompiler
Cmd: initializeCompiler
Cmd: initializeCompiler
Cmd: initializeCompiler
Cmd: initializeCompiler
Cmd: initializeCompiler
Cmd: initializeCompiler
Cmd: initializeCompiler
Cmd: initializeCompiler
Cmd: initializeCompiler
Cmd: initializeCompiler
Cmd: initializeCompiler
Cmd: initializeCompiler
Cmd: initializeCompiler
Cmd: initializeCompiler
Cmd: initializeCompiler
Cmd: initializeCompiler
Cmd: initializeCompiler
Cmd: initializeCompiler
Cmd: initializeCompiler
Cmd: initializeCompiler
Cmd: initializeCompiler
Cmd: initializeCompiler
Cmd: initializeCompiler
Cmd: initializeCompiler
Cmd: initializeCompiler

Quitting shader compiler process
