Base path: C:/Program Files/Unity/Hub/Editor/2018.3.6f1/Editor/Data
Cmd: initializeCompiler
Cmd: compileComputeKernel
  api=4 insize=14563 outsize=28705 ok=1
Cmd: compileComputeKernel
  api=4 insize=14563 outsize=56813 ok=1
Cmd: compileComputeKernel
  api=4 insize=14563 outsize=31093 ok=1
Cmd: compileComputeKernel
  api=4 insize=14563 outsize=59653 ok=1
Cmd: compileComputeKernel
  api=4 insize=14563 outsize=41761 ok=1
Cmd: compileComputeKernel
  api=4 insize=14563 outsize=32589 ok=1
Cmd: compileComputeKernel
  api=4 insize=14563 outsize=32569 ok=1
Cmd: compileComputeKernel
  api=4 insize=14563 outsize=36081 ok=1
Cmd: compileComputeKernel
  api=4 insize=14563 outsize=68793 ok=1
Cmd: compileComputeKernel
  api=4 insize=27467 outsize=15341 ok=1
Cmd: compileComputeKernel
  api=4 insize=2059 outsize=1517 ok=1
Cmd: compileComputeKernel
  api=4 insize=1372 outsize=669 ok=1
Cmd: compileComputeKernel
  api=4 insize=2780 outsize=48145 ok=1
Cmd: compileComputeKernel
  api=4 insize=10881 outsize=9693 ok=1
Cmd: compileComputeKernel
  api=4 insize=1792 outsize=1861 ok=1
Cmd: compileComputeKernel
  api=4 insize=18299 outsize=8925 ok=1
Cmd: compileComputeKernel
  api=4 insize=19561 outsize=14753 ok=1
Cmd: compileComputeKernel
  api=4 insize=22288 outsize=21785 ok=1
Cmd: compileComputeKernel
  api=4 insize=35447 outsize=33693 ok=1
Cmd: compileComputeKernel
  api=4 insize=35447 outsize=32769 ok=1
Cmd: compileComputeKernel
  api=4 insize=8512 outsize=2077 ok=1
Cmd: compileComputeKernel
  api=4 insize=16724 outsize=7029 ok=1
Cmd: compileComputeKernel
  api=4 insize=14244 outsize=2265 ok=1
Cmd: compileComputeKernel
  api=4 insize=1454 outsize=597 ok=1
Cmd: compileComputeKernel
  api=4 insize=2044 outsize=1037 ok=1
Cmd: compileComputeKernel
  api=4 insize=10127 outsize=3673 ok=1
Cmd: compileComputeKernel
  api=4 insize=17177 outsize=5113 ok=1
Cmd: compileComputeKernel
  api=4 insize=17177 outsize=5617 ok=1
Cmd: compileComputeKernel
  api=4 insize=17177 outsize=6501 ok=1
Cmd: compileComputeKernel
  api=4 insize=17177 outsize=9453 ok=1
Cmd: compileComputeKernel
  api=4 insize=17177 outsize=6565 ok=1
Cmd: compileComputeKernel
  api=4 insize=17177 outsize=8269 ok=1
Cmd: compileComputeKernel
  api=4 insize=17177 outsize=7973 ok=1
Cmd: compileComputeKernel
  api=4 insize=17177 outsize=10925 ok=1
Cmd: initializeCompiler
Cmd: initializeCompiler

Quitting shader compiler process
