Base path: C:/Program Files/Unity/Hub/Editor/2018.3.6f1/Editor/Data
Cmd: initializeCompiler
Cmd: compileComputeKernel
  api=4 insize=14563 outsize=40293 ok=1
Cmd: compileComputeKernel
  api=4 insize=14563 outsize=48261 ok=1
Cmd: compileComputeKernel
  api=4 insize=14563 outsize=34977 ok=1
Cmd: compileComputeKernel
  api=4 insize=14563 outsize=41537 ok=1
Cmd: compileComputeKernel
  api=4 insize=14563 outsize=31865 ok=1
Cmd: compileComputeKernel
  api=4 insize=14563 outsize=42677 ok=1
Cmd: compileComputeKernel
  api=4 insize=14563 outsize=40345 ok=1
Cmd: compileComputeKernel
  api=4 insize=14563 outsize=45829 ok=1
Cmd: compileComputeKernel
  api=4 insize=14563 outsize=33293 ok=1
Cmd: compileComputeKernel
  api=4 insize=14563 outsize=36205 ok=1
Cmd: compileComputeKernel
  api=4 insize=14563 outsize=42785 ok=1
Cmd: compileComputeKernel
  api=4 insize=27467 outsize=16081 ok=1
Cmd: compileComputeKernel
  api=4 insize=1176 outsize=781 ok=1
Cmd: compileComputeKernel
  api=4 insize=10881 outsize=9849 ok=1
Cmd: compileComputeKernel
  api=4 insize=18299 outsize=8545 ok=1
Cmd: compileComputeKernel
  api=4 insize=18299 outsize=10549 ok=1
Cmd: compileComputeKernel
  api=4 insize=19561 outsize=15261 ok=1
Cmd: compileComputeKernel
  api=4 insize=22288 outsize=21741 ok=1
Cmd: compileComputeKernel
  api=4 insize=35447 outsize=32769 ok=1
Cmd: compileComputeKernel
  api=4 insize=35447 outsize=34501 ok=1
Cmd: compileComputeKernel
  api=4 insize=16724 outsize=7821 ok=1
Cmd: compileComputeKernel
  api=4 insize=10127 outsize=4293 ok=1
Cmd: compileComputeKernel
  api=4 insize=17177 outsize=6893 ok=1
Cmd: compileComputeKernel
  api=4 insize=17177 outsize=7397 ok=1
Cmd: compileComputeKernel
  api=4 insize=17177 outsize=7333 ok=1
Cmd: compileComputeKernel
  api=4 insize=17177 outsize=9301 ok=1
Cmd: compileComputeKernel
  api=4 insize=17177 outsize=6685 ok=1
Cmd: compileComputeKernel
  api=4 insize=17177 outsize=8461 ok=1
Cmd: compileComputeKernel
  api=4 insize=17177 outsize=10469 ok=1
Cmd: compileComputeKernel
  api=4 insize=17177 outsize=11449 ok=1
Cmd: compileComputeKernel
  api=4 insize=5285 outsize=2165 ok=1
Cmd: initializeCompiler
Cmd: initializeCompiler

Quitting shader compiler process
