Base path: C:/Program Files/Unity/Hub/Editor/2018.3.6f1/Editor/Data
Cmd: initializeCompiler
Cmd: compileComputeKernel
  api=4 insize=14563 outsize=95061 ok=1
Cmd: compileComputeKernel
  api=4 insize=14563 outsize=31041 ok=1
Cmd: compileComputeKernel
  api=4 insize=14563 outsize=33821 ok=1
Cmd: compileComputeKernel
  api=4 insize=14563 outsize=39221 ok=1
Cmd: compileComputeKernel
  api=4 insize=14563 outsize=36609 ok=1
Cmd: compileComputeKernel
  api=4 insize=14563 outsize=61249 ok=1
Cmd: compileComputeKernel
  api=4 insize=27467 outsize=13793 ok=1
Cmd: compileComputeKernel
  api=4 insize=27467 outsize=16041 ok=1
Cmd: compileComputeKernel
  api=4 insize=2059 outsize=349 ok=1
Cmd: compileComputeKernel
  api=4 insize=3396 outsize=2581 ok=1
Cmd: compileComputeKernel
  api=4 insize=6534 outsize=1341 ok=1
Cmd: compileComputeKernel
  api=4 insize=18299 outsize=8681 ok=1
Cmd: compileComputeKernel
  api=4 insize=19561 outsize=14241 ok=1
Cmd: compileComputeKernel
  api=4 insize=35447 outsize=35961 ok=1
Cmd: compileComputeKernel
  api=4 insize=35447 outsize=35961 ok=1
Cmd: compileComputeKernel
  api=4 insize=8512 outsize=2945 ok=1
Cmd: compileComputeKernel
  api=4 insize=16724 outsize=7821 ok=1
Cmd: compileComputeKernel
  api=4 insize=3590 outsize=1685 ok=1
Cmd: compileComputeKernel
  api=4 insize=17177 outsize=5809 ok=1
Cmd: compileComputeKernel
  api=4 insize=17177 outsize=6313 ok=1
Cmd: compileComputeKernel
  api=4 insize=17177 outsize=8013 ok=1
Cmd: compileComputeKernel
  api=4 insize=17177 outsize=8317 ok=1
Cmd: compileComputeKernel
  api=4 insize=17177 outsize=7573 ok=1
Cmd: compileComputeKernel
  api=4 insize=17177 outsize=7381 ok=1
Cmd: compileComputeKernel
  api=4 insize=17177 outsize=8501 ok=1
Cmd: compileComputeKernel
  api=4 insize=17177 outsize=8277 ok=1
Cmd: compileComputeKernel
  api=4 insize=17177 outsize=10773 ok=1
Cmd: compileComputeKernel
  api=4 insize=1212 outsize=541 ok=1
Cmd: compileComputeKernel
  api=4 insize=4834 outsize=2033 ok=1
Cmd: initializeCompiler
Cmd: initializeCompiler

Quitting shader compiler process
