Base path: C:/Program Files/Unity/Hub/Editor/2018.3.6f1/Editor/Data
Cmd: initializeCompiler
Cmd: compileComputeKernel
  api=4 insize=14563 outsize=32189 ok=1
Cmd: compileComputeKernel
  api=4 insize=14563 outsize=37513 ok=1
Cmd: compileComputeKernel
  api=4 insize=14563 outsize=44121 ok=1
Cmd: compileComputeKernel
  api=4 insize=14563 outsize=42709 ok=1
Cmd: compileComputeKernel
  api=4 insize=14563 outsize=34513 ok=1
Cmd: compileComputeKernel
  api=4 insize=14563 outsize=42581 ok=1
Cmd: compileComputeKernel
  api=4 insize=14563 outsize=87077 ok=1
Cmd: compileComputeKernel
  api=4 insize=14563 outsize=32497 ok=1
Cmd: compileComputeKernel
  api=4 insize=27467 outsize=15857 ok=1
Cmd: compileComputeKernel
  api=4 insize=1372 outsize=613 ok=1
Cmd: compileComputeKernel
  api=4 insize=10881 outsize=10437 ok=1
Cmd: compileComputeKernel
  api=4 insize=7616 outsize=4897 ok=1
Cmd: compileComputeKernel
  api=4 insize=4845 outsize=5397 ok=1
Cmd: compileComputeKernel
  api=4 insize=3396 outsize=2681 ok=1
Cmd: compileComputeKernel
  api=4 insize=18299 outsize=8693 ok=1
Cmd: compileComputeKernel
  api=4 insize=18299 outsize=10769 ok=1
Cmd: compileComputeKernel
  api=4 insize=19561 outsize=14889 ok=1
Cmd: compileComputeKernel
  api=4 insize=2867 outsize=353 ok=1
Cmd: compileComputeKernel
  api=4 insize=20933 outsize=95037 ok=1
Cmd: compileComputeKernel
  api=4 insize=35447 outsize=34501 ok=1
Cmd: compileComputeKernel
  api=4 insize=35447 outsize=32065 ok=1
Cmd: compileComputeKernel
  api=4 insize=10127 outsize=4261 ok=1
Cmd: compileComputeKernel
  api=4 insize=17177 outsize=4729 ok=1
Cmd: compileComputeKernel
  api=4 insize=17177 outsize=5233 ok=1
Cmd: compileComputeKernel
  api=4 insize=17177 outsize=7321 ok=1
Cmd: compileComputeKernel
  api=4 insize=17177 outsize=9673 ok=1
Cmd: compileComputeKernel
  api=4 insize=17177 outsize=6877 ok=1
Cmd: compileComputeKernel
  api=4 insize=17177 outsize=8345 ok=1
Cmd: compileComputeKernel
  api=4 insize=17177 outsize=9485 ok=1
Cmd: compileComputeKernel
  api=4 insize=17177 outsize=9789 ok=1
Cmd: compileComputeKernel
  api=4 insize=4037 outsize=1621 ok=1
Cmd: initializeCompiler
Cmd: initializeCompiler

Quitting shader compiler process
