Base path: C:/Program Files/Unity/Hub/Editor/2018.3.6f1/Editor/Data
Cmd: initializeCompiler
Cmd: compileComputeKernel
  api=4 insize=14563 outsize=87113 ok=1
Cmd: compileComputeKernel
  api=4 insize=14563 outsize=67249 ok=1
Cmd: compileComputeKernel
  api=4 insize=14563 outsize=69501 ok=1
Cmd: compileComputeKernel
  api=4 insize=14563 outsize=60869 ok=1
Cmd: compileComputeKernel
  api=4 insize=27467 outsize=14253 ok=1
Cmd: compileComputeKernel
  api=4 insize=27467 outsize=16285 ok=1
Cmd: compileComputeKernel
  api=4 insize=4845 outsize=9129 ok=1
Cmd: compileComputeKernel
  api=4 insize=6534 outsize=6497 ok=1
Cmd: compileComputeKernel
  api=4 insize=18299 outsize=8553 ok=1
Cmd: compileComputeKernel
  api=4 insize=19561 outsize=14613 ok=1
Cmd: compileComputeKernel
  api=4 insize=20933 outsize=95033 ok=1
Cmd: compileComputeKernel
  api=4 insize=35447 outsize=31513 ok=1
Cmd: compileComputeKernel
  api=4 insize=35447 outsize=31513 ok=1
Cmd: compileComputeKernel
  api=4 insize=1454 outsize=1461 ok=1
Cmd: compileComputeKernel
  api=4 insize=17177 outsize=5425 ok=1
Cmd: compileComputeKernel
  api=4 insize=17177 outsize=5929 ok=1
Cmd: compileComputeKernel
  api=4 insize=17177 outsize=7485 ok=1
Cmd: compileComputeKernel
  api=4 insize=17177 outsize=7789 ok=1
Cmd: compileComputeKernel
  api=4 insize=17177 outsize=6181 ok=1
Cmd: compileComputeKernel
  api=4 insize=17177 outsize=7261 ok=1
Cmd: compileComputeKernel
  api=4 insize=17177 outsize=7069 ok=1
Cmd: compileComputeKernel
  api=4 insize=17177 outsize=8849 ok=1
Cmd: compileComputeKernel
  api=4 insize=17177 outsize=8805 ok=1
Cmd: compileComputeKernel
  api=4 insize=17177 outsize=11229 ok=1
Cmd: compileComputeKernel
  api=4 insize=1624 outsize=1457 ok=1
Cmd: compileComputeKernel
  api=4 insize=1491 outsize=1037 ok=1
Cmd: initializeCompiler
Cmd: initializeCompiler

Quitting shader compiler process
